[2026-07-09 11:58:44 UTC] Leroy Merlin: UNKNOWN
[2026-07-09 11:58:55 UTC] Castorama: IN_STOCK
[2026-07-09 11:59:02 UTC] Amazon.fr: UNKNOWN
[2026-07-09 11:59:38 UTC] ManoMano: erreur de chargement (Page.goto: Timeout 30000ms exceeded.
Call log:
  - navigating to "https://www.manomano.fr/p/midea-climatiseur-split-mobile-reversible-froid-chaud-3500w12000btu-wifi-deshumidificateur-ventilateur-jusqua-40m2-kit-fenetre-inclus-83810402", waiting until "networkidle"
)
[2026-07-09 11:59:50 UTC] Ventigo: IN_STOCK
[2026-07-09 11:59:56 UTC] Darty: UNKNOWN
[2026-07-09 12:00:03 UTC] Boulanger: UNKNOWN
[2026-07-09 12:00:12 UTC] Cdiscount: UNKNOWN
[2026-07-09 12:00:18 UTC] Midea PortaSplit 3,5 kW / 12000 BTU vient de repasser en stock sur :

- Castorama : https://www.castorama.fr/climatiseur-portasplit-midea-reversible-3500w/8431312260509_CAFR.prd
- Ventigo : https://www.ventigo.fr/fr_FR/p/climatiseur-mobile-split-midea-portasplit-35-kw/38775/
[2026-07-09 12:00:19 UTC] Email envoyé à jounaid.maurice@gmail.com : 🟢 Midea PortaSplit 3,5 kW / 12000 BTU en stock !
[2026-07-09 18:27:31 UTC] Leroy Merlin: UNKNOWN
[2026-07-09 18:27:43 UTC] Castorama: IN_STOCK
[2026-07-09 18:27:50 UTC] Amazon.fr: UNKNOWN
[2026-07-09 18:28:24 UTC] ManoMano: erreur de chargement (Page.goto: Timeout 30000ms exceeded.
Call log:
  - navigating to "https://www.manomano.fr/p/midea-climatiseur-split-mobile-reversible-froid-chaud-3500w12000btu-wifi-deshumidificateur-ventilateur-jusqua-40m2-kit-fenetre-inclus-83810402", waiting until "networkidle"
)
[2026-07-09 18:28:34 UTC] Ventigo: IN_STOCK
[2026-07-09 18:28:44 UTC] Darty: UNKNOWN
[2026-07-09 18:28:54 UTC] Boulanger: UNKNOWN
[2026-07-09 18:29:03 UTC] Cdiscount: UNKNOWN
[2026-07-09 18:29:09 UTC] Aucun nouveau retour en stock détecté.
[2026-07-09 22:58:05 UTC] Leroy Merlin: UNKNOWN
[2026-07-09 22:58:18 UTC] Castorama: IN_STOCK
[2026-07-09 22:58:26 UTC] Amazon.fr: UNKNOWN
[2026-07-09 22:59:00 UTC] ManoMano: erreur de chargement (Page.goto: Timeout 30000ms exceeded.
Call log:
  - navigating to "https://www.manomano.fr/p/midea-climatiseur-split-mobile-reversible-froid-chaud-3500w12000btu-wifi-deshumidificateur-ventilateur-jusqua-40m2-kit-fenetre-inclus-83810402", waiting until "networkidle"
)
[2026-07-09 22:59:12 UTC] Ventigo: IN_STOCK
[2026-07-09 22:59:20 UTC] Darty: UNKNOWN
[2026-07-09 22:59:29 UTC] Boulanger: UNKNOWN
[2026-07-09 22:59:40 UTC] Cdiscount: UNKNOWN
[2026-07-09 22:59:45 UTC] Aucun nouveau retour en stock détecté.
[2026-07-10 09:24:49 UTC] Leroy Merlin: UNKNOWN
[2026-07-10 09:25:03 UTC] Castorama: IN_STOCK
[2026-07-10 09:25:13 UTC] Amazon.fr: UNKNOWN
[2026-07-10 09:25:49 UTC] ManoMano: erreur de chargement (Page.goto: Timeout 30000ms exceeded.
Call log:
  - navigating to "https://www.manomano.fr/p/midea-climatiseur-split-mobile-reversible-froid-chaud-3500w12000btu-wifi-deshumidificateur-ventilateur-jusqua-40m2-kit-fenetre-inclus-83810402", waiting until "networkidle"
)
[2026-07-10 09:26:03 UTC] Ventigo: IN_STOCK
[2026-07-10 09:26:11 UTC] Darty: UNKNOWN
[2026-07-10 09:26:20 UTC] Boulanger: UNKNOWN
[2026-07-10 09:26:32 UTC] Cdiscount: UNKNOWN
[2026-07-10 09:26:35 UTC] Aucun nouveau retour en stock détecté.
[2026-07-10 10:45:44 UTC] Leroy Merlin: UNKNOWN
[2026-07-10 10:45:57 UTC] Castorama: IN_STOCK
[2026-07-10 10:46:04 UTC] Amazon.fr: UNKNOWN
[2026-07-10 10:46:41 UTC] ManoMano: erreur de chargement (Page.goto: Timeout 30000ms exceeded.
Call log:
  - navigating to "https://www.manomano.fr/p/midea-climatiseur-split-mobile-reversible-froid-chaud-3500w12000btu-wifi-deshumidificateur-ventilateur-jusqua-40m2-kit-fenetre-inclus-83810402", waiting until "networkidle"
)
[2026-07-10 10:46:54 UTC] Ventigo: IN_STOCK
[2026-07-10 10:47:04 UTC] Darty: UNKNOWN
[2026-07-10 10:47:13 UTC] Boulanger: UNKNOWN
[2026-07-10 10:47:22 UTC] Cdiscount: UNKNOWN
[2026-07-10 10:47:27 UTC] Aucun nouveau retour en stock détecté.
[2026-07-10 14:16:49 UTC] Leroy Merlin: UNKNOWN
[2026-07-10 14:17:00 UTC] Castorama: IN_STOCK
[2026-07-10 14:17:10 UTC] Amazon.fr: UNKNOWN
[2026-07-10 14:17:44 UTC] ManoMano: erreur de chargement (Page.goto: Timeout 30000ms exceeded.
Call log:
  - navigating to "https://www.manomano.fr/p/midea-climatiseur-split-mobile-reversible-froid-chaud-3500w12000btu-wifi-deshumidificateur-ventilateur-jusqua-40m2-kit-fenetre-inclus-83810402", waiting until "networkidle"
)
[2026-07-10 14:17:58 UTC] Ventigo: IN_STOCK
[2026-07-10 14:18:05 UTC] Darty: UNKNOWN
[2026-07-10 14:18:14 UTC] Boulanger: UNKNOWN
[2026-07-10 14:18:24 UTC] Cdiscount: UNKNOWN
[2026-07-10 14:18:30 UTC] Aucun nouveau retour en stock détecté.
[2026-07-10 15:05:03 UTC] Leroy Merlin: UNKNOWN
[2026-07-10 15:05:19 UTC] Castorama: IN_STOCK
[2026-07-10 15:05:27 UTC] Amazon.fr: UNKNOWN
[2026-07-10 15:06:02 UTC] ManoMano: erreur de chargement (Page.goto: Timeout 30000ms exceeded.
Call log:
  - navigating to "https://www.manomano.fr/p/midea-climatiseur-split-mobile-reversible-froid-chaud-3500w12000btu-wifi-deshumidificateur-ventilateur-jusqua-40m2-kit-fenetre-inclus-83810402", waiting until "networkidle"
)
[2026-07-10 15:06:18 UTC] Ventigo: IN_STOCK
[2026-07-10 15:06:24 UTC] Darty: UNKNOWN
[2026-07-10 15:06:31 UTC] Boulanger: UNKNOWN
[2026-07-10 15:06:40 UTC] Cdiscount: UNKNOWN
[2026-07-10 15:06:46 UTC] Aucun nouveau retour en stock détecté.
[2026-07-10 17:23:27 UTC] Leroy Merlin: UNKNOWN
[2026-07-10 17:23:38 UTC] Castorama: IN_STOCK
[2026-07-10 17:23:48 UTC] Amazon.fr: UNKNOWN
[2026-07-10 17:24:22 UTC] ManoMano: erreur de chargement (Page.goto: Timeout 30000ms exceeded.
Call log:
  - navigating to "https://www.manomano.fr/p/midea-climatiseur-split-mobile-reversible-froid-chaud-3500w12000btu-wifi-deshumidificateur-ventilateur-jusqua-40m2-kit-fenetre-inclus-83810402", waiting until "networkidle"
)
[2026-07-10 17:24:35 UTC] Ventigo: IN_STOCK
[2026-07-10 17:24:45 UTC] Darty: UNKNOWN
[2026-07-10 17:24:53 UTC] Boulanger: UNKNOWN
[2026-07-10 17:25:02 UTC] Cdiscount: UNKNOWN
[2026-07-10 17:25:08 UTC] Aucun nouveau retour en stock détecté.
[2026-07-10 21:36:18 UTC] Leroy Merlin: UNKNOWN
[2026-07-10 21:36:30 UTC] Castorama: IN_STOCK
[2026-07-10 21:36:40 UTC] Amazon.fr: UNKNOWN
[2026-07-10 21:37:15 UTC] ManoMano: erreur de chargement (Page.goto: Timeout 30000ms exceeded.
Call log:
  - navigating to "https://www.manomano.fr/p/midea-climatiseur-split-mobile-reversible-froid-chaud-3500w12000btu-wifi-deshumidificateur-ventilateur-jusqua-40m2-kit-fenetre-inclus-83810402", waiting until "networkidle"
)
[2026-07-10 21:37:29 UTC] Ventigo: IN_STOCK
[2026-07-10 21:37:36 UTC] Darty: UNKNOWN
[2026-07-10 21:37:44 UTC] Boulanger: UNKNOWN
[2026-07-10 21:37:56 UTC] Cdiscount: UNKNOWN
[2026-07-10 21:38:03 UTC] Aucun nouveau retour en stock détecté.
[2026-07-11 06:04:20 UTC] Leroy Merlin: UNKNOWN
[2026-07-11 06:04:31 UTC] Castorama: IN_STOCK
[2026-07-11 06:04:38 UTC] Amazon.fr: UNKNOWN
[2026-07-11 06:05:15 UTC] ManoMano: erreur de chargement (Page.goto: Timeout 30000ms exceeded.
Call log:
  - navigating to "https://www.manomano.fr/p/midea-climatiseur-split-mobile-reversible-froid-chaud-3500w12000btu-wifi-deshumidificateur-ventilateur-jusqua-40m2-kit-fenetre-inclus-83810402", waiting until "networkidle"
)
[2026-07-11 06:05:26 UTC] Ventigo: IN_STOCK
[2026-07-11 06:05:34 UTC] Darty: UNKNOWN
[2026-07-11 06:05:43 UTC] Boulanger: UNKNOWN
[2026-07-11 06:05:55 UTC] Cdiscount: UNKNOWN
[2026-07-11 06:06:00 UTC] Aucun nouveau retour en stock détecté.
[2026-07-11 10:43:05 UTC] Leroy Merlin: UNKNOWN
[2026-07-11 10:43:18 UTC] Castorama: IN_STOCK
[2026-07-11 10:43:26 UTC] Amazon.fr: UNKNOWN
[2026-07-11 10:44:02 UTC] ManoMano: erreur de chargement (Page.goto: Timeout 30000ms exceeded.
Call log:
  - navigating to "https://www.manomano.fr/p/midea-climatiseur-split-mobile-reversible-froid-chaud-3500w12000btu-wifi-deshumidificateur-ventilateur-jusqua-40m2-kit-fenetre-inclus-83810402", waiting until "networkidle"
)
[2026-07-11 10:44:13 UTC] Ventigo: IN_STOCK
[2026-07-11 10:44:21 UTC] Darty: UNKNOWN
[2026-07-11 10:44:30 UTC] Boulanger: UNKNOWN
[2026-07-11 10:44:41 UTC] Cdiscount: UNKNOWN
[2026-07-11 10:44:48 UTC] Aucun nouveau retour en stock détecté.
[2026-07-11 14:38:24 UTC] Leroy Merlin: UNKNOWN
[2026-07-11 14:38:33 UTC] Castorama: IN_STOCK
[2026-07-11 14:38:43 UTC] Amazon.fr: OUT_OF_STOCK
[2026-07-11 14:39:17 UTC] ManoMano: erreur de chargement (Page.goto: Timeout 30000ms exceeded.
Call log:
  - navigating to "https://www.manomano.fr/p/midea-climatiseur-split-mobile-reversible-froid-chaud-3500w12000btu-wifi-deshumidificateur-ventilateur-jusqua-40m2-kit-fenetre-inclus-83810402", waiting until "networkidle"
)
[2026-07-11 14:39:28 UTC] Ventigo: IN_STOCK
[2026-07-11 14:39:36 UTC] Darty: UNKNOWN
[2026-07-11 14:39:43 UTC] Boulanger: UNKNOWN
[2026-07-11 14:39:51 UTC] Cdiscount: UNKNOWN
[2026-07-11 14:39:57 UTC] Aucun nouveau retour en stock détecté.
[2026-07-11 17:42:44 UTC] Leroy Merlin: UNKNOWN
[2026-07-11 17:42:57 UTC] Castorama: IN_STOCK
[2026-07-11 17:43:07 UTC] Amazon.fr: UNKNOWN
[2026-07-11 17:43:42 UTC] ManoMano: erreur de chargement (Page.goto: Timeout 30000ms exceeded.
Call log:
  - navigating to "https://www.manomano.fr/p/midea-climatiseur-split-mobile-reversible-froid-chaud-3500w12000btu-wifi-deshumidificateur-ventilateur-jusqua-40m2-kit-fenetre-inclus-83810402", waiting until "networkidle"
)
[2026-07-11 17:43:55 UTC] Ventigo: IN_STOCK
[2026-07-11 17:44:04 UTC] Darty: UNKNOWN
[2026-07-11 17:44:11 UTC] Boulanger: UNKNOWN
[2026-07-11 17:44:29 UTC] Cdiscount: UNKNOWN
[2026-07-11 17:44:35 UTC] Aucun nouveau retour en stock détecté.
[2026-07-11 20:30:43 UTC] Leroy Merlin: UNKNOWN
[2026-07-11 20:30:52 UTC] Castorama: IN_STOCK
[2026-07-11 20:31:01 UTC] Amazon.fr: UNKNOWN
[2026-07-11 20:31:35 UTC] ManoMano: erreur de chargement (Page.goto: Timeout 30000ms exceeded.
Call log:
  - navigating to "https://www.manomano.fr/p/midea-climatiseur-split-mobile-reversible-froid-chaud-3500w12000btu-wifi-deshumidificateur-ventilateur-jusqua-40m2-kit-fenetre-inclus-83810402", waiting until "networkidle"
)
[2026-07-11 20:31:47 UTC] Ventigo: IN_STOCK
[2026-07-11 20:31:54 UTC] Darty: UNKNOWN
[2026-07-11 20:32:02 UTC] Boulanger: UNKNOWN
[2026-07-11 20:32:13 UTC] Cdiscount: UNKNOWN
[2026-07-11 20:32:17 UTC] Aucun nouveau retour en stock détecté.
